Executing COFGA_resnet152_dropOut_weightDecay_batchNorm_200epochs
Total number of images:  11617
Number of train images:  8132
Number of validation images:  3485

Dataloader completed
USING CUDA!
Network constructed
[1], Train loss: 6.627, Val loss: 6.649, Train mAP: 9.568 %, Val mAP: 4.988 %
[2], Train loss: 6.143, Val loss: 8.990, Train mAP: 7.962 %, Val mAP: 7.246 %
[3], Train loss: 6.037, Val loss: 6.436, Train mAP: 8.588 %, Val mAP: 6.810 %
[4], Train loss: 5.909, Val loss: 10.135, Train mAP: 9.063 %, Val mAP: 7.676 %
[5], Train loss: 5.835, Val loss: 6.453, Train mAP: 9.066 %, Val mAP: 7.526 %
[6], Train loss: 5.712, Val loss: 7.456, Train mAP: 12.030 %, Val mAP: 7.614 %
[7], Train loss: 5.640, Val loss: 6.919, Train mAP: 11.203 %, Val mAP: 8.177 %
[8], Train loss: 5.551, Val loss: 6.226, Train mAP: 12.733 %, Val mAP: 9.289 %
[9], Train loss: 5.458, Val loss: 6.459, Train mAP: 14.804 %, Val mAP: 13.887 %
[10], Train loss: 5.379, Val loss: 6.465, Train mAP: 14.502 %, Val mAP: 16.375 %
[11], Train loss: 5.281, Val loss: 7.449, Train mAP: 17.623 %, Val mAP: 13.175 %
[12], Train loss: 5.213, Val loss: 6.222, Train mAP: 18.984 %, Val mAP: 18.528 %
[13], Train loss: 5.149, Val loss: 6.243, Train mAP: 20.264 %, Val mAP: 18.423 %
[14], Train loss: 5.071, Val loss: 6.287, Train mAP: 22.319 %, Val mAP: 20.264 %
[15], Train loss: 5.034, Val loss: 5.604, Train mAP: 19.966 %, Val mAP: 18.015 %
[16], Train loss: 5.058, Val loss: 4.847, Train mAP: 19.472 %, Val mAP: 20.291 %
[17], Train loss: 5.237, Val loss: 6.636, Train mAP: 17.187 %, Val mAP: 16.325 %
[18], Train loss: 4.997, Val loss: 7.985, Train mAP: 19.850 %, Val mAP: 19.333 %
[19], Train loss: 4.956, Val loss: 6.722, Train mAP: 22.173 %, Val mAP: 24.353 %
[20], Train loss: 4.871, Val loss: 7.902, Train mAP: 22.090 %, Val mAP: 22.548 %
[21], Train loss: 4.835, Val loss: 6.831, Train mAP: 24.604 %, Val mAP: 23.963 %
[22], Train loss: 4.791, Val loss: 6.393, Train mAP: 23.459 %, Val mAP: 25.988 %
[23], Train loss: 4.757, Val loss: 6.559, Train mAP: 23.602 %, Val mAP: 26.778 %
[24], Train loss: 4.715, Val loss: 7.502, Train mAP: 30.256 %, Val mAP: 24.848 %
[25], Train loss: 4.671, Val loss: 7.847, Train mAP: 28.702 %, Val mAP: 27.954 %
[26], Train loss: 4.614, Val loss: 6.142, Train mAP: 31.771 %, Val mAP: 28.046 %
[27], Train loss: 4.564, Val loss: 5.415, Train mAP: 31.655 %, Val mAP: 25.929 %
[28], Train loss: 4.525, Val loss: 6.124, Train mAP: 32.273 %, Val mAP: 30.280 %
[29], Train loss: 4.505, Val loss: 7.351, Train mAP: 31.685 %, Val mAP: 29.795 %
[30], Train loss: 4.475, Val loss: 5.859, Train mAP: 32.952 %, Val mAP: 30.842 %
[31], Train loss: 4.414, Val loss: 5.969, Train mAP: 38.916 %, Val mAP: 31.523 %
[32], Train loss: 4.414, Val loss: 6.638, Train mAP: 37.408 %, Val mAP: 32.875 %
[33], Train loss: 4.369, Val loss: 6.302, Train mAP: 37.777 %, Val mAP: 32.520 %
[34], Train loss: 4.499, Val loss: 5.803, Train mAP: 35.224 %, Val mAP: 31.711 %
[35], Train loss: 4.385, Val loss: 8.172, Train mAP: 40.618 %, Val mAP: 32.511 %
[36], Train loss: 4.397, Val loss: 6.093, Train mAP: 39.333 %, Val mAP: 35.400 %
[37], Train loss: 4.321, Val loss: 5.950, Train mAP: 40.836 %, Val mAP: 37.997 %
[38], Train loss: 4.257, Val loss: 6.183, Train mAP: 45.922 %, Val mAP: 33.465 %
[39], Train loss: 4.239, Val loss: 7.098, Train mAP: 44.269 %, Val mAP: 35.629 %
[40], Train loss: 4.238, Val loss: 5.952, Train mAP: 39.121 %, Val mAP: 35.891 %
[41], Train loss: 4.314, Val loss: 4.215, Train mAP: 43.112 %, Val mAP: 34.151 %
[42], Train loss: 4.178, Val loss: 4.822, Train mAP: 38.627 %, Val mAP: 33.922 %
[43], Train loss: 4.185, Val loss: 5.480, Train mAP: 43.341 %, Val mAP: 36.491 %
[44], Train loss: 4.081, Val loss: 7.994, Train mAP: 46.388 %, Val mAP: 31.471 %
[45], Train loss: 4.123, Val loss: 6.557, Train mAP: 42.690 %, Val mAP: 38.929 %
[46], Train loss: 4.086, Val loss: 5.939, Train mAP: 44.060 %, Val mAP: 36.275 %
[47], Train loss: 4.088, Val loss: 5.796, Train mAP: 41.806 %, Val mAP: 43.295 %
[48], Train loss: 4.231, Val loss: 18.577, Train mAP: 45.335 %, Val mAP: 32.287 %
[49], Train loss: 4.248, Val loss: 10.011, Train mAP: 41.067 %, Val mAP: 47.332 %
[50], Train loss: 4.130, Val loss: 4.142, Train mAP: 44.882 %, Val mAP: 44.012 %
[51], Train loss: 4.064, Val loss: 8.083, Train mAP: 45.768 %, Val mAP: 44.635 %
[52], Train loss: 4.037, Val loss: 4.471, Train mAP: 49.689 %, Val mAP: 35.778 %
[53], Train loss: 4.293, Val loss: 12.429, Train mAP: 46.419 %, Val mAP: 32.524 %
[54], Train loss: 4.572, Val loss: 4.468, Train mAP: 42.882 %, Val mAP: 36.901 %
[55], Train loss: 4.290, Val loss: 5.893, Train mAP: 42.932 %, Val mAP: 39.507 %
[56], Train loss: 4.197, Val loss: 4.217, Train mAP: 42.572 %, Val mAP: 38.524 %
[57], Train loss: 4.124, Val loss: 6.669, Train mAP: 48.790 %, Val mAP: 40.671 %
[58], Train loss: 4.078, Val loss: 6.877, Train mAP: 49.499 %, Val mAP: 39.206 %
[59], Train loss: 4.044, Val loss: 8.345, Train mAP: 49.270 %, Val mAP: 41.114 %
[60], Train loss: 4.066, Val loss: 4.035, Train mAP: 49.323 %, Val mAP: 45.212 %
[61], Train loss: 3.995, Val loss: 5.795, Train mAP: 49.183 %, Val mAP: 42.511 %
[62], Train loss: 3.950, Val loss: 6.393, Train mAP: 46.887 %, Val mAP: 49.028 %
[63], Train loss: 3.893, Val loss: 3.972, Train mAP: 49.521 %, Val mAP: 51.310 %
[64], Train loss: 3.915, Val loss: 4.129, Train mAP: 49.489 %, Val mAP: 50.513 %
[65], Train loss: 3.896, Val loss: 6.571, Train mAP: 55.682 %, Val mAP: 48.177 %
[66], Train loss: 3.842, Val loss: 3.995, Train mAP: 49.866 %, Val mAP: 47.193 %
[67], Train loss: 3.831, Val loss: 3.994, Train mAP: 53.131 %, Val mAP: 49.096 %
[68], Train loss: 3.824, Val loss: 3.816, Train mAP: 52.980 %, Val mAP: 51.765 %
[69], Train loss: 3.803, Val loss: 3.924, Train mAP: 51.513 %, Val mAP: 47.133 %
[70], Train loss: 3.773, Val loss: 5.045, Train mAP: 51.986 %, Val mAP: 46.410 %
[71], Train loss: 3.766, Val loss: 3.996, Train mAP: 49.914 %, Val mAP: 49.709 %
[72], Train loss: 3.743, Val loss: 5.302, Train mAP: 51.668 %, Val mAP: 44.060 %
[73], Train loss: 3.691, Val loss: 7.308, Train mAP: 52.891 %, Val mAP: 47.693 %
[74], Train loss: 3.711, Val loss: 4.621, Train mAP: 56.300 %, Val mAP: 46.326 %
[75], Train loss: 3.656, Val loss: 3.970, Train mAP: 54.252 %, Val mAP: 52.731 %
[76], Train loss: 3.693, Val loss: 4.714, Train mAP: 56.567 %, Val mAP: 48.663 %
[77], Train loss: 3.645, Val loss: 3.939, Train mAP: 53.456 %, Val mAP: 55.751 %
[78], Train loss: 3.609, Val loss: 7.238, Train mAP: 54.902 %, Val mAP: 50.961 %
[79], Train loss: 3.636, Val loss: 4.028, Train mAP: 53.793 %, Val mAP: 56.210 %
[80], Train loss: 3.603, Val loss: 4.060, Train mAP: 56.580 %, Val mAP: 51.903 %
[81], Train loss: 3.582, Val loss: 5.083, Train mAP: 54.897 %, Val mAP: 53.650 %
[82], Train loss: 3.555, Val loss: 4.059, Train mAP: 55.692 %, Val mAP: 46.650 %
[83], Train loss: 3.550, Val loss: 7.129, Train mAP: 61.068 %, Val mAP: 56.343 %
[84], Train loss: 3.514, Val loss: 6.300, Train mAP: 55.172 %, Val mAP: 52.378 %
[85], Train loss: 3.479, Val loss: 3.971, Train mAP: 62.771 %, Val mAP: 55.460 %
[86], Train loss: 3.525, Val loss: 4.871, Train mAP: 59.621 %, Val mAP: 48.042 %
[87], Train loss: 3.466, Val loss: 5.493, Train mAP: 63.008 %, Val mAP: 55.848 %
[88], Train loss: 3.444, Val loss: 4.559, Train mAP: 60.267 %, Val mAP: 50.816 %
[89], Train loss: 3.444, Val loss: 4.199, Train mAP: 63.405 %, Val mAP: 50.699 %
[90], Train loss: 3.502, Val loss: 4.114, Train mAP: 58.017 %, Val mAP: 51.106 %
[91], Train loss: 3.434, Val loss: 4.099, Train mAP: 61.229 %, Val mAP: 52.669 %
[92], Train loss: 3.438, Val loss: 3.848, Train mAP: 57.362 %, Val mAP: 56.830 %
[93], Train loss: 3.361, Val loss: 6.596, Train mAP: 62.945 %, Val mAP: 52.837 %
[94], Train loss: 3.411, Val loss: 3.930, Train mAP: 59.534 %, Val mAP: 50.099 %
[95], Train loss: 3.386, Val loss: 3.868, Train mAP: 59.601 %, Val mAP: 55.239 %
[96], Train loss: 3.346, Val loss: 3.877, Train mAP: 62.891 %, Val mAP: 55.573 %
[97], Train loss: 3.347, Val loss: 5.412, Train mAP: 62.994 %, Val mAP: 50.360 %
[98], Train loss: 3.330, Val loss: 8.408, Train mAP: 64.386 %, Val mAP: 54.092 %
[99], Train loss: 3.276, Val loss: 7.474, Train mAP: 62.614 %, Val mAP: 52.327 %
[100], Train loss: 3.282, Val loss: 6.169, Train mAP: 60.761 %, Val mAP: 51.115 %
[101], Train loss: 3.241, Val loss: 3.904, Train mAP: 62.782 %, Val mAP: 53.270 %
[102], Train loss: 3.282, Val loss: 7.696, Train mAP: 63.475 %, Val mAP: 52.222 %
[103], Train loss: 3.230, Val loss: 8.380, Train mAP: 64.170 %, Val mAP: 47.501 %
[104], Train loss: 3.212, Val loss: 5.721, Train mAP: 65.213 %, Val mAP: 49.429 %
[105], Train loss: 3.172, Val loss: 7.105, Train mAP: 60.505 %, Val mAP: 55.742 %
[106], Train loss: 3.218, Val loss: 4.170, Train mAP: 64.267 %, Val mAP: 57.296 %
[107], Train loss: 3.182, Val loss: 4.258, Train mAP: 63.847 %, Val mAP: 56.392 %
[108], Train loss: 3.138, Val loss: 4.221, Train mAP: 63.271 %, Val mAP: 53.562 %
[109], Train loss: 3.185, Val loss: 3.962, Train mAP: 59.970 %, Val mAP: 57.982 %
[110], Train loss: 3.106, Val loss: 5.009, Train mAP: 68.137 %, Val mAP: 53.850 %
[111], Train loss: 3.120, Val loss: 4.234, Train mAP: 63.496 %, Val mAP: 51.119 %
[112], Train loss: 3.125, Val loss: 3.995, Train mAP: 64.569 %, Val mAP: 53.185 %
[113], Train loss: 3.107, Val loss: 4.192, Train mAP: 64.085 %, Val mAP: 52.429 %
[114], Train loss: 3.049, Val loss: 4.683, Train mAP: 66.747 %, Val mAP: 56.650 %
[115], Train loss: 3.071, Val loss: 5.615, Train mAP: 64.860 %, Val mAP: 53.985 %
[116], Train loss: 3.032, Val loss: 9.135, Train mAP: 64.940 %, Val mAP: 46.955 %
[117], Train loss: 3.022, Val loss: 4.089, Train mAP: 64.741 %, Val mAP: 56.426 %
[118], Train loss: 2.992, Val loss: 5.444, Train mAP: 66.394 %, Val mAP: 55.738 %
[119], Train loss: 2.950, Val loss: 7.591, Train mAP: 66.042 %, Val mAP: 50.988 %
[120], Train loss: 2.976, Val loss: 6.740, Train mAP: 65.119 %, Val mAP: 51.440 %
[121], Train loss: 2.966, Val loss: 6.134, Train mAP: 66.430 %, Val mAP: 54.733 %
[122], Train loss: 2.943, Val loss: 4.246, Train mAP: 63.942 %, Val mAP: 52.422 %
[123], Train loss: 2.882, Val loss: 4.332, Train mAP: 65.282 %, Val mAP: 50.438 %
[124], Train loss: 2.883, Val loss: 4.050, Train mAP: 66.628 %, Val mAP: 54.557 %
[125], Train loss: 2.890, Val loss: 7.205, Train mAP: 67.423 %, Val mAP: 46.569 %
[126], Train loss: 2.922, Val loss: 4.727, Train mAP: 67.597 %, Val mAP: 52.520 %
[127], Train loss: 2.898, Val loss: 6.421, Train mAP: 66.093 %, Val mAP: 53.986 %
[128], Train loss: 2.852, Val loss: 4.634, Train mAP: 67.312 %, Val mAP: 48.935 %
[129], Train loss: 2.755, Val loss: 6.787, Train mAP: 71.090 %, Val mAP: 53.624 %
[130], Train loss: 2.856, Val loss: 4.509, Train mAP: 67.518 %, Val mAP: 51.596 %
[131], Train loss: 2.780, Val loss: 4.444, Train mAP: 68.569 %, Val mAP: 53.905 %
[132], Train loss: 2.812, Val loss: 4.419, Train mAP: 69.301 %, Val mAP: 52.220 %
[133], Train loss: 2.799, Val loss: 7.291, Train mAP: 67.372 %, Val mAP: 53.460 %
[134], Train loss: 2.810, Val loss: 4.547, Train mAP: 69.556 %, Val mAP: 54.288 %
[135], Train loss: 2.752, Val loss: 8.448, Train mAP: 67.944 %, Val mAP: 49.110 %
[136], Train loss: 2.748, Val loss: 4.991, Train mAP: 67.052 %, Val mAP: 53.214 %
[137], Train loss: 2.774, Val loss: 4.295, Train mAP: 68.652 %, Val mAP: 55.374 %
[138], Train loss: 2.705, Val loss: 8.009, Train mAP: 71.675 %, Val mAP: 49.423 %
[139], Train loss: 2.708, Val loss: 7.599, Train mAP: 67.755 %, Val mAP: 49.742 %
[140], Train loss: 2.659, Val loss: 4.576, Train mAP: 72.647 %, Val mAP: 53.984 %
[141], Train loss: 2.694, Val loss: 4.433, Train mAP: 69.599 %, Val mAP: 51.789 %
[142], Train loss: 2.686, Val loss: 7.938, Train mAP: 72.263 %, Val mAP: 45.589 %
[143], Train loss: 2.646, Val loss: 4.386, Train mAP: 67.941 %, Val mAP: 58.567 %
[144], Train loss: 2.625, Val loss: 8.120, Train mAP: 68.656 %, Val mAP: 51.183 %
[145], Train loss: 2.622, Val loss: 7.424, Train mAP: 70.056 %, Val mAP: 50.362 %
[146], Train loss: 2.592, Val loss: 4.537, Train mAP: 69.041 %, Val mAP: 51.580 %
[147], Train loss: 2.606, Val loss: 4.828, Train mAP: 71.592 %, Val mAP: 47.706 %
[148], Train loss: 2.573, Val loss: 4.477, Train mAP: 67.470 %, Val mAP: 51.908 %
[149], Train loss: 2.532, Val loss: 4.607, Train mAP: 72.001 %, Val mAP: 53.918 %
[150], Train loss: 2.580, Val loss: 4.522, Train mAP: 68.853 %, Val mAP: 56.783 %
[151], Train loss: 2.610, Val loss: 7.315, Train mAP: 68.280 %, Val mAP: 52.444 %
[152], Train loss: 2.532, Val loss: 4.787, Train mAP: 69.521 %, Val mAP: 56.087 %
[153], Train loss: 2.530, Val loss: 6.790, Train mAP: 67.868 %, Val mAP: 57.895 %
[154], Train loss: 2.553, Val loss: 9.782, Train mAP: 69.202 %, Val mAP: 54.988 %
[155], Train loss: 2.543, Val loss: 11.712, Train mAP: 69.267 %, Val mAP: 44.738 %
[156], Train loss: 2.438, Val loss: 4.781, Train mAP: 70.089 %, Val mAP: 51.916 %
[157], Train loss: 2.481, Val loss: 4.840, Train mAP: 71.983 %, Val mAP: 52.415 %
[158], Train loss: 2.427, Val loss: 4.730, Train mAP: 73.577 %, Val mAP: 49.855 %
[159], Train loss: 2.503, Val loss: 4.572, Train mAP: 70.251 %, Val mAP: 56.136 %
[160], Train loss: 2.450, Val loss: 5.793, Train mAP: 71.359 %, Val mAP: 52.917 %
[161], Train loss: 2.455, Val loss: 8.972, Train mAP: 70.149 %, Val mAP: 49.854 %
[162], Train loss: 2.408, Val loss: 6.193, Train mAP: 72.688 %, Val mAP: 51.930 %
[163], Train loss: 2.378, Val loss: 4.997, Train mAP: 74.332 %, Val mAP: 55.876 %
[164], Train loss: 2.354, Val loss: 5.597, Train mAP: 71.070 %, Val mAP: 51.152 %
[165], Train loss: 2.413, Val loss: 6.689, Train mAP: 70.548 %, Val mAP: 53.442 %
[166], Train loss: 2.380, Val loss: 5.069, Train mAP: 72.469 %, Val mAP: 50.377 %
[167], Train loss: 2.394, Val loss: 4.668, Train mAP: 72.292 %, Val mAP: 55.164 %
[168], Train loss: 2.305, Val loss: 7.518, Train mAP: 75.144 %, Val mAP: 48.407 %
[169], Train loss: 2.344, Val loss: 4.944, Train mAP: 74.783 %, Val mAP: 53.243 %
[170], Train loss: 2.298, Val loss: 6.096, Train mAP: 75.013 %, Val mAP: 49.995 %
[171], Train loss: 2.344, Val loss: 9.196, Train mAP: 72.770 %, Val mAP: 54.705 %
[172], Train loss: 2.294, Val loss: 5.370, Train mAP: 70.351 %, Val mAP: 51.742 %
[173], Train loss: 2.320, Val loss: 8.234, Train mAP: 73.381 %, Val mAP: 53.345 %
[174], Train loss: 2.323, Val loss: 4.721, Train mAP: 72.294 %, Val mAP: 54.070 %
[175], Train loss: 2.305, Val loss: 10.093, Train mAP: 76.604 %, Val mAP: 42.875 %
[176], Train loss: 2.287, Val loss: 4.829, Train mAP: 74.601 %, Val mAP: 51.642 %
[177], Train loss: 2.267, Val loss: 5.094, Train mAP: 72.669 %, Val mAP: 52.078 %
[178], Train loss: 2.239, Val loss: 4.921, Train mAP: 74.913 %, Val mAP: 55.008 %
[179], Train loss: 2.228, Val loss: 4.924, Train mAP: 77.347 %, Val mAP: 50.346 %
[180], Train loss: 2.250, Val loss: 4.655, Train mAP: 73.864 %, Val mAP: 54.228 %
[181], Train loss: 2.203, Val loss: 6.299, Train mAP: 73.753 %, Val mAP: 49.720 %
[182], Train loss: 2.225, Val loss: 5.001, Train mAP: 74.694 %, Val mAP: 54.971 %
[183], Train loss: 2.248, Val loss: 4.767, Train mAP: 76.806 %, Val mAP: 55.942 %
[184], Train loss: 2.169, Val loss: 4.947, Train mAP: 74.205 %, Val mAP: 50.813 %
[185], Train loss: 2.158, Val loss: 5.037, Train mAP: 82.234 %, Val mAP: 54.562 %
[186], Train loss: 2.180, Val loss: 7.882, Train mAP: 80.727 %, Val mAP: 54.727 %
[187], Train loss: 2.187, Val loss: 5.182, Train mAP: 75.340 %, Val mAP: 59.288 %
[188], Train loss: 2.177, Val loss: 6.092, Train mAP: 77.075 %, Val mAP: 48.740 %
[189], Train loss: 2.194, Val loss: 9.490, Train mAP: 76.076 %, Val mAP: 51.858 %
[190], Train loss: 2.133, Val loss: 4.981, Train mAP: 72.786 %, Val mAP: 58.266 %
[191], Train loss: 2.111, Val loss: 8.063, Train mAP: 74.524 %, Val mAP: 52.461 %
[192], Train loss: 2.127, Val loss: 5.123, Train mAP: 74.961 %, Val mAP: 59.354 %
[193], Train loss: 2.133, Val loss: 5.048, Train mAP: 73.944 %, Val mAP: 57.665 %
[194], Train loss: 2.107, Val loss: 5.038, Train mAP: 74.094 %, Val mAP: 59.042 %
[195], Train loss: 2.139, Val loss: 4.991, Train mAP: 76.095 %, Val mAP: 56.567 %
[196], Train loss: 2.098, Val loss: 4.966, Train mAP: 72.815 %, Val mAP: 55.873 %
[197], Train loss: 2.092, Val loss: 5.035, Train mAP: 74.601 %, Val mAP: 53.448 %
[198], Train loss: 2.063, Val loss: 7.154, Train mAP: 74.622 %, Val mAP: 52.068 %
[199], Train loss: 2.043, Val loss: 7.083, Train mAP: 74.125 %, Val mAP: 51.885 %
[200], Train loss: 2.096, Val loss: 5.002, Train mAP: 75.972 %, Val mAP: 56.577 %

Finished Training 

